#-----------------------------------------------------------
# Vivado v2018.2 (64-bit)
# SW Build 2258646 on Thu Jun 14 20:03:12 MDT 2018
# IP Build 2256618 on Thu Jun 14 22:10:49 MDT 2018
# Start of session at: Sat Dec 14 23:00:17 2024
# Process ID: 20692
# Current directory: C:/Users/Amr/Documents/verliog_projects/Carry _look_ahead_adder
# Command line: vivado.exe -gui_launcher_event rodinguilauncherevent28260 C:\Users\Amr\Documents\verliog_projects\Carry _look_ahead_adder\Carry _look_ahead_adder.xpr
# Log file: C:/Users/Amr/Documents/verliog_projects/Carry _look_ahead_adder/vivado.log
# Journal file: C:/Users/Amr/Documents/verliog_projects/Carry _look_ahead_adder\vivado.jou
#-----------------------------------------------------------
start_gui
open_project {C:/Users/Amr/Documents/verliog_projects/Carry _look_ahead_adder/Carry _look_ahead_adder.xpr}
Scanning sources...
Finished scanning sources
INFO: [IP_Flow 19-234] Refreshing IP repositories
INFO: [IP_Flow 19-1704] No user IP repositories specified
INFO: [IP_Flow 19-2313] Loaded Vivado IP repository 'D:/Vivado/Vivado/2018.2/data/ip'.
update_compile_order -fileset sources_1
export_ip_user_files -of_objects  [get_files {{C:/Users/Amr/Documents/verliog_projects/Carry _look_ahead_adder/Carry _look_ahead_adder.srcs/sim_1/new/tb_2.v}}] -no_script -reset -force -quiet
remove_files  -fileset sim_1 {{C:/Users/Amr/Documents/verliog_projects/Carry _look_ahead_adder/Carry _look_ahead_adder.srcs/sim_1/new/tb_2.v}}
exit
INFO: [Common 17-206] Exiting Vivado at Sat Dec 14 23:01:47 2024...
